/opt/anaconda3/envs/TAB/bin/quast -o quast human_g1k_v37.fasta

Version: 5.0.2

System information:
  OS: Linux-5.0.0-31-generic-x86_64-with-debian-buster-sid (linux_64)
  Python version: 3.6.7
  CPUs number: 4

Started: 2019-10-30 11:41:21

Logging to /home/samba/homes/1455475/Escritorio/ProjectP1/data/assembly/quast/quast.log
NOTICE: Maximum number of threads is set to 1 (use --threads option to set it manually)

CWD: /home/samba/homes/1455475/Escritorio/ProjectP1/data/assembly
Main parameters: 
  MODE: default, threads: 1, minimum contig length: 500, minimum alignment length: 65, \
  ambiguity: one, threshold for extensive misassembly size: 1000

Contigs:
  Pre-processing...
  human_g1k_v37.fasta ==> human_g1k_v37

2019-10-30 11:43:35
Running Basic statistics processor...
  Contig files: 
    human_g1k_v37
  Calculating N50 and L50...
    human_g1k_v37, N50 = 146364022, L50 = 9, Total length = 3101804739, GC % = 40.90, # N's per 100 kbp =  7641.34
  Drawing Nx plot...
    saved to /home/samba/homes/1455475/Escritorio/ProjectP1/data/assembly/quast/basic_stats/Nx_plot.pdf
  Drawing cumulative plot...
    saved to /home/samba/homes/1455475/Escritorio/ProjectP1/data/assembly/quast/basic_stats/cumulative_plot.pdf
  Drawing GC content plot...
    saved to /home/samba/homes/1455475/Escritorio/ProjectP1/data/assembly/quast/basic_stats/GC_content_plot.pdf
  Drawing human_g1k_v37 GC content plot...
    saved to /home/samba/homes/1455475/Escritorio/ProjectP1/data/assembly/quast/basic_stats/human_g1k_v37_GC_content_plot.pdf
Done.

NOTICE: Genes are not predicted by default. Use --gene-finding or --glimmer option to enable it.

2019-10-30 11:45:36
Creating large visual summaries...
This may take a while: press Ctrl-C to skip this step..
  1 of 2: Creating Icarus viewers...
  2 of 2: Creating PDF with all tables and plots...
Done

2019-10-30 11:46:03
RESULTS:
  Text versions of total report are saved to /home/samba/homes/1455475/Escritorio/ProjectP1/data/assembly/quast/report.txt, report.tsv, and report.tex
  Text versions of transposed total report are saved to /home/samba/homes/1455475/Escritorio/ProjectP1/data/assembly/quast/transposed_report.txt, transposed_report.tsv, and transposed_report.tex
  HTML version (interactive tables and plots) is saved to /home/samba/homes/1455475/Escritorio/ProjectP1/data/assembly/quast/report.html
  PDF version (tables and plots) is saved to /home/samba/homes/1455475/Escritorio/ProjectP1/data/assembly/quast/report.pdf
  Icarus (contig browser) is saved to /home/samba/homes/1455475/Escritorio/ProjectP1/data/assembly/quast/icarus.html
  Log is saved to /home/samba/homes/1455475/Escritorio/ProjectP1/data/assembly/quast/quast.log

Finished: 2019-10-30 11:46:03
Elapsed time: 0:04:42.156358
NOTICEs: 2; WARNINGs: 0; non-fatal ERRORs: 0

Thank you for using QUAST!
